2001.07.23 15:16 B C:\Inetpub\wwwroot\ms\Calving\index.htm --> its-www4.massey.ac.nz /D:/caslea/ms/Calving index.htm
2001.07.23 15:16 B C:\Inetpub\wwwroot\ms\Calving\tsld035.htm --> its-www4.massey.ac.nz /D:/caslea/ms/Calving tsld035.htm
2001.07.23 15:16 B C:\Inetpub\wwwroot\ms\Calving\tsld034.htm --> its-www4.massey.ac.nz /D:/caslea/ms/Calving tsld034.htm
2001.07.23 15:16 B C:\Inetpub\wwwroot\ms\Calving\tsld033.htm --> its-www4.massey.ac.nz /D:/caslea/ms/Calving tsld033.htm
2001.07.23 15:16 B C:\Inetpub\wwwroot\ms\Calving\tsld032.htm --> its-www4.massey.ac.nz /D:/caslea/ms/Calving tsld032.htm
2001.07.23 15:16 B C:\Inetpub\wwwroot\ms\Calving\tsld031.htm --> its-www4.massey.ac.nz /D:/caslea/ms/Calving tsld031.htm
2001.07.23 15:16 B C:\Inetpub\wwwroot\ms\Calving\tsld030.htm --> its-www4.massey.ac.nz /D:/caslea/ms/Calving tsld030.htm
2001.07.23 15:16 B C:\Inetpub\wwwroot\ms\Calving\tsld029.htm --> its-www4.massey.ac.nz /D:/caslea/ms/Calving tsld029.htm
2001.07.23 15:16 B C:\Inetpub\wwwroot\ms\Calving\tsld028.htm --> its-www4.massey.ac.nz /D:/caslea/ms/Calving tsld028.htm
2001.07.23 15:16 B C:\Inetpub\wwwroot\ms\Calving\tsld027.htm --> its-www4.massey.ac.nz /D:/caslea/ms/Calving tsld027.htm
2001.07.23 15:16 B C:\Inetpub\wwwroot\ms\Calving\tsld026.htm --> its-www4.massey.ac.nz /D:/caslea/ms/Calving tsld026.htm
2001.07.23 15:16 B C:\Inetpub\wwwroot\ms\Calving\tsld025.htm --> its-www4.massey.ac.nz /D:/caslea/ms/Calving tsld025.htm
2001.07.23 15:16 B C:\Inetpub\wwwroot\ms\Calving\tsld024.htm --> its-www4.massey.ac.nz /D:/caslea/ms/Calving tsld024.htm
2001.07.23 15:16 B C:\Inetpub\wwwroot\ms\Calving\tsld023.htm --> its-www4.massey.ac.nz /D:/caslea/ms/Calving tsld023.htm
2001.07.23 15:16 B C:\Inetpub\wwwroot\ms\Calving\tsld022.htm --> its-www4.massey.ac.nz /D:/caslea/ms/Calving tsld022.htm
2001.07.23 15:16 B C:\Inetpub\wwwroot\ms\Calving\tsld021.htm --> its-www4.massey.ac.nz /D:/caslea/ms/Calving tsld021.htm
2001.07.23 15:16 B C:\Inetpub\wwwroot\ms\Calving\tsld020.htm --> its-www4.massey.ac.nz /D:/caslea/ms/Calving tsld020.htm
2001.07.23 15:16 B C:\Inetpub\wwwroot\ms\Calving\tsld019.htm --> its-www4.massey.ac.nz /D:/caslea/ms/Calving tsld019.htm
2001.07.23 15:16 B C:\Inetpub\wwwroot\ms\Calving\tsld018.htm --> its-www4.massey.ac.nz /D:/caslea/ms/Calving tsld018.htm
2001.07.23 15:16 B C:\Inetpub\wwwroot\ms\Calving\tsld017.htm --> its-www4.massey.ac.nz /D:/caslea/ms/Calving tsld017.htm
2001.07.23 15:16 B C:\Inetpub\wwwroot\ms\Calving\tsld016.htm --> its-www4.massey.ac.nz /D:/caslea/ms/Calving tsld016.htm
2001.07.23 15:16 B C:\Inetpub\wwwroot\ms\Calving\tsld015.htm --> its-www4.massey.ac.nz /D:/caslea/ms/Calving tsld015.htm
2001.07.23 15:16 B C:\Inetpub\wwwroot\ms\Calving\tsld014.htm --> its-www4.massey.ac.nz /D:/caslea/ms/Calving tsld014.htm
2001.07.23 15:16 B C:\Inetpub\wwwroot\ms\Calving\tsld013.htm --> its-www4.massey.ac.nz /D:/caslea/ms/Calving tsld013.htm
2001.07.23 15:16 B C:\Inetpub\wwwroot\ms\Calving\tsld012.htm --> its-www4.massey.ac.nz /D:/caslea/ms/Calving tsld012.htm
2001.07.23 15:16 B C:\Inetpub\wwwroot\ms\Calving\tsld011.htm --> its-www4.massey.ac.nz /D:/caslea/ms/Calving tsld011.htm
2001.07.23 15:16 B C:\Inetpub\wwwroot\ms\Calving\tsld010.htm --> its-www4.massey.ac.nz /D:/caslea/ms/Calving tsld010.htm
2001.07.23 15:16 B C:\Inetpub\wwwroot\ms\Calving\tsld009.htm --> its-www4.massey.ac.nz /D:/caslea/ms/Calving tsld009.htm
2001.07.23 15:16 B C:\Inetpub\wwwroot\ms\Calving\tsld008.htm --> its-www4.massey.ac.nz /D:/caslea/ms/Calving tsld008.htm
2001.07.23 15:16 B C:\Inetpub\wwwroot\ms\Calving\tsld007.htm --> its-www4.massey.ac.nz /D:/caslea/ms/Calving tsld007.htm
2001.07.23 15:16 B C:\Inetpub\wwwroot\ms\Calving\tsld006.htm --> its-www4.massey.ac.nz /D:/caslea/ms/Calving tsld006.htm
2001.07.23 15:16 B C:\Inetpub\wwwroot\ms\Calving\tsld005.htm --> its-www4.massey.ac.nz /D:/caslea/ms/Calving tsld005.htm
2001.07.23 15:16 B C:\Inetpub\wwwroot\ms\Calving\tsld004.htm --> its-www4.massey.ac.nz /D:/caslea/ms/Calving tsld004.htm
2001.07.23 15:16 B C:\Inetpub\wwwroot\ms\Calving\tsld003.htm --> its-www4.massey.ac.nz /D:/caslea/ms/Calving tsld003.htm
2001.07.23 15:16 B C:\Inetpub\wwwroot\ms\Calving\tsld002.htm --> its-www4.massey.ac.nz /D:/caslea/ms/Calving tsld002.htm
2001.07.23 15:16 B C:\Inetpub\wwwroot\ms\Calving\tsld001.htm --> its-www4.massey.ac.nz /D:/caslea/ms/Calving tsld001.htm
2001.07.23 15:16 B C:\Inetpub\wwwroot\ms\Calving\space.gif --> its-www4.massey.ac.nz /D:/caslea/ms/Calving space.gif
2001.07.23 15:16 B C:\Inetpub\wwwroot\ms\Calving\sld035.htm --> its-www4.massey.ac.nz /D:/caslea/ms/Calving sld035.htm
2001.07.23 15:16 B C:\Inetpub\wwwroot\ms\Calving\sld034.htm --> its-www4.massey.ac.nz /D:/caslea/ms/Calving sld034.htm
2001.07.23 15:16 B C:\Inetpub\wwwroot\ms\Calving\sld033.htm --> its-www4.massey.ac.nz /D:/caslea/ms/Calving sld033.htm
2001.07.23 15:16 B C:\Inetpub\wwwroot\ms\Calving\sld032.htm --> its-www4.massey.ac.nz /D:/caslea/ms/Calving sld032.htm
2001.07.23 15:16 B C:\Inetpub\wwwroot\ms\Calving\sld031.htm --> its-www4.massey.ac.nz /D:/caslea/ms/Calving sld031.htm
2001.07.23 15:16 B C:\Inetpub\wwwroot\ms\Calving\sld030.htm --> its-www4.massey.ac.nz /D:/caslea/ms/Calving sld030.htm
2001.07.23 15:16 B C:\Inetpub\wwwroot\ms\Calving\sld029.htm --> its-www4.massey.ac.nz /D:/caslea/ms/Calving sld029.htm
2001.07.23 15:16 B C:\Inetpub\wwwroot\ms\Calving\sld028.htm --> its-www4.massey.ac.nz /D:/caslea/ms/Calving sld028.htm
2001.07.23 15:17 B C:\Inetpub\wwwroot\ms\Calving\sld027.htm --> its-www4.massey.ac.nz /D:/caslea/ms/Calving sld027.htm
2001.07.23 15:17 B C:\Inetpub\wwwroot\ms\Calving\sld026.htm --> its-www4.massey.ac.nz /D:/caslea/ms/Calving sld026.htm
2001.07.23 15:17 B C:\Inetpub\wwwroot\ms\Calving\sld025.htm --> its-www4.massey.ac.nz /D:/caslea/ms/Calving sld025.htm
2001.07.23 15:17 B C:\Inetpub\wwwroot\ms\Calving\sld024.htm --> its-www4.massey.ac.nz /D:/caslea/ms/Calving sld024.htm
2001.07.23 15:17 B C:\Inetpub\wwwroot\ms\Calving\sld023.htm --> its-www4.massey.ac.nz /D:/caslea/ms/Calving sld023.htm
2001.07.23 15:17 B C:\Inetpub\wwwroot\ms\Calving\sld022.htm --> its-www4.massey.ac.nz /D:/caslea/ms/Calving sld022.htm
2001.07.23 15:17 B C:\Inetpub\wwwroot\ms\Calving\sld021.htm --> its-www4.massey.ac.nz /D:/caslea/ms/Calving sld021.htm
2001.07.23 15:17 B C:\Inetpub\wwwroot\ms\Calving\sld020.htm --> its-www4.massey.ac.nz /D:/caslea/ms/Calving sld020.htm
2001.07.23 15:17 B C:\Inetpub\wwwroot\ms\Calving\sld019.htm --> its-www4.massey.ac.nz /D:/caslea/ms/Calving sld019.htm
2001.07.23 15:17 B C:\Inetpub\wwwroot\ms\Calving\sld018.htm --> its-www4.massey.ac.nz /D:/caslea/ms/Calving sld018.htm
2001.07.23 15:17 B C:\Inetpub\wwwroot\ms\Calving\sld017.htm --> its-www4.massey.ac.nz /D:/caslea/ms/Calving sld017.htm
2001.07.23 15:17 B C:\Inetpub\wwwroot\ms\Calving\sld016.htm --> its-www4.massey.ac.nz /D:/caslea/ms/Calving sld016.htm
2001.07.23 15:17 B C:\Inetpub\wwwroot\ms\Calving\sld015.htm --> its-www4.massey.ac.nz /D:/caslea/ms/Calving sld015.htm
2001.07.23 15:17 B C:\Inetpub\wwwroot\ms\Calving\sld014.htm --> its-www4.massey.ac.nz /D:/caslea/ms/Calving sld014.htm
2001.07.23 15:17 B C:\Inetpub\wwwroot\ms\Calving\sld013.htm --> its-www4.massey.ac.nz /D:/caslea/ms/Calving sld013.htm
2001.07.23 15:17 B C:\Inetpub\wwwroot\ms\Calving\sld012.htm --> its-www4.massey.ac.nz /D:/caslea/ms/Calving sld012.htm
2001.07.23 15:17 B C:\Inetpub\wwwroot\ms\Calving\sld011.htm --> its-www4.massey.ac.nz /D:/caslea/ms/Calving sld011.htm
2001.07.23 15:17 B C:\Inetpub\wwwroot\ms\Calving\sld010.htm --> its-www4.massey.ac.nz /D:/caslea/ms/Calving sld010.htm
2001.07.23 15:17 B C:\Inetpub\wwwroot\ms\Calving\sld009.htm --> its-www4.massey.ac.nz /D:/caslea/ms/Calving sld009.htm
2001.07.23 15:17 B C:\Inetpub\wwwroot\ms\Calving\sld008.htm --> its-www4.massey.ac.nz /D:/caslea/ms/Calving sld008.htm
2001.07.23 15:17 B C:\Inetpub\wwwroot\ms\Calving\sld007.htm --> its-www4.massey.ac.nz /D:/caslea/ms/Calving sld007.htm
2001.07.23 15:17 B C:\Inetpub\wwwroot\ms\Calving\sld006.htm --> its-www4.massey.ac.nz /D:/caslea/ms/Calving sld006.htm
2001.07.23 15:17 B C:\Inetpub\wwwroot\ms\Calving\sld005.htm --> its-www4.massey.ac.nz /D:/caslea/ms/Calving sld005.htm
2001.07.23 15:17 B C:\Inetpub\wwwroot\ms\Calving\sld004.htm --> its-www4.massey.ac.nz /D:/caslea/ms/Calving sld004.htm
2001.07.23 15:17 B C:\Inetpub\wwwroot\ms\Calving\sld003.htm --> its-www4.massey.ac.nz /D:/caslea/ms/Calving sld003.htm
2001.07.23 15:17 B C:\Inetpub\wwwroot\ms\Calving\sld002.htm --> its-www4.massey.ac.nz /D:/caslea/ms/Calving sld002.htm
2001.07.23 15:17 B C:\Inetpub\wwwroot\ms\Calving\sld001.htm --> its-www4.massey.ac.nz /D:/caslea/ms/Calving sld001.htm
2001.07.23 15:17 B C:\Inetpub\wwwroot\ms\Calving\pptani.gif --> its-www4.massey.ac.nz /D:/caslea/ms/Calving pptani.gif
2001.07.23 15:17 B C:\Inetpub\wwwroot\ms\Calving\img035.gif --> its-www4.massey.ac.nz /D:/caslea/ms/Calving img035.gif
2001.07.23 15:17 B C:\Inetpub\wwwroot\ms\Calving\img034.gif --> its-www4.massey.ac.nz /D:/caslea/ms/Calving img034.gif
2001.07.23 15:17 B C:\Inetpub\wwwroot\ms\Calving\img033.gif --> its-www4.massey.ac.nz /D:/caslea/ms/Calving img033.gif
2001.07.23 15:17 B C:\Inetpub\wwwroot\ms\Calving\img032.gif --> its-www4.massey.ac.nz /D:/caslea/ms/Calving img032.gif
2001.07.23 15:17 B C:\Inetpub\wwwroot\ms\Calving\img031.gif --> its-www4.massey.ac.nz /D:/caslea/ms/Calving img031.gif
2001.07.23 15:17 B C:\Inetpub\wwwroot\ms\Calving\img030.gif --> its-www4.massey.ac.nz /D:/caslea/ms/Calving img030.gif
2001.07.23 15:17 B C:\Inetpub\wwwroot\ms\Calving\img029.gif --> its-www4.massey.ac.nz /D:/caslea/ms/Calving img029.gif
2001.07.23 15:17 B C:\Inetpub\wwwroot\ms\Calving\img028.gif --> its-www4.massey.ac.nz /D:/caslea/ms/Calving img028.gif
2001.07.23 15:17 B C:\Inetpub\wwwroot\ms\Calving\img027.gif --> its-www4.massey.ac.nz /D:/caslea/ms/Calving img027.gif
2001.07.23 15:17 B C:\Inetpub\wwwroot\ms\Calving\img026.gif --> its-www4.massey.ac.nz /D:/caslea/ms/Calving img026.gif
2001.07.23 15:17 B C:\Inetpub\wwwroot\ms\Calving\img025.gif --> its-www4.massey.ac.nz /D:/caslea/ms/Calving img025.gif
2001.07.23 15:17 B C:\Inetpub\wwwroot\ms\Calving\img024.gif --> its-www4.massey.ac.nz /D:/caslea/ms/Calving img024.gif
2001.07.23 15:17 B C:\Inetpub\wwwroot\ms\Calving\img023.gif --> its-www4.massey.ac.nz /D:/caslea/ms/Calving img023.gif
2001.07.23 15:17 B C:\Inetpub\wwwroot\ms\Calving\img022.gif --> its-www4.massey.ac.nz /D:/caslea/ms/Calving img022.gif
2001.07.23 15:17 B C:\Inetpub\wwwroot\ms\Calving\img021.gif --> its-www4.massey.ac.nz /D:/caslea/ms/Calving img021.gif
2001.07.23 15:17 B C:\Inetpub\wwwroot\ms\Calving\img020.gif --> its-www4.massey.ac.nz /D:/caslea/ms/Calving img020.gif
2001.07.23 15:17 B C:\Inetpub\wwwroot\ms\Calving\img019.gif --> its-www4.massey.ac.nz /D:/caslea/ms/Calving img019.gif
2001.07.23 15:17 B C:\Inetpub\wwwroot\ms\Calving\img018.gif --> its-www4.massey.ac.nz /D:/caslea/ms/Calving img018.gif
2001.07.23 15:17 B C:\Inetpub\wwwroot\ms\Calving\img017.gif --> its-www4.massey.ac.nz /D:/caslea/ms/Calving img017.gif
2001.07.23 15:17 B C:\Inetpub\wwwroot\ms\Calving\img016.gif --> its-www4.massey.ac.nz /D:/caslea/ms/Calving img016.gif
2001.07.23 15:17 B C:\Inetpub\wwwroot\ms\Calving\img015.gif --> its-www4.massey.ac.nz /D:/caslea/ms/Calving img015.gif
2001.07.23 15:17 B C:\Inetpub\wwwroot\ms\Calving\img014.gif --> its-www4.massey.ac.nz /D:/caslea/ms/Calving img014.gif
2001.07.23 15:17 B C:\Inetpub\wwwroot\ms\Calving\img013.gif --> its-www4.massey.ac.nz /D:/caslea/ms/Calving img013.gif
2001.07.23 15:17 B C:\Inetpub\wwwroot\ms\Calving\img012.gif --> its-www4.massey.ac.nz /D:/caslea/ms/Calving img012.gif
2001.07.23 15:17 B C:\Inetpub\wwwroot\ms\Calving\img011.gif --> its-www4.massey.ac.nz /D:/caslea/ms/Calving img011.gif
2001.07.23 15:17 B C:\Inetpub\wwwroot\ms\Calving\img010.gif --> its-www4.massey.ac.nz /D:/caslea/ms/Calving img010.gif
2001.07.23 15:17 B C:\Inetpub\wwwroot\ms\Calving\img009.gif --> its-www4.massey.ac.nz /D:/caslea/ms/Calving img009.gif
2001.07.23 15:17 B C:\Inetpub\wwwroot\ms\Calving\img008.gif --> its-www4.massey.ac.nz /D:/caslea/ms/Calving img008.gif
2001.07.23 15:17 B C:\Inetpub\wwwroot\ms\Calving\img007.gif --> its-www4.massey.ac.nz /D:/caslea/ms/Calving img007.gif
2001.07.23 15:17 B C:\Inetpub\wwwroot\ms\Calving\img006.gif --> its-www4.massey.ac.nz /D:/caslea/ms/Calving img006.gif
2001.07.23 15:17 B C:\Inetpub\wwwroot\ms\Calving\img005.gif --> its-www4.massey.ac.nz /D:/caslea/ms/Calving img005.gif
2001.07.23 15:17 B C:\Inetpub\wwwroot\ms\Calving\img004.gif --> its-www4.massey.ac.nz /D:/caslea/ms/Calving img004.gif
2001.07.23 15:17 B C:\Inetpub\wwwroot\ms\Calving\img003.gif --> its-www4.massey.ac.nz /D:/caslea/ms/Calving img003.gif
2001.07.23 15:17 B C:\Inetpub\wwwroot\ms\Calving\img002.gif --> its-www4.massey.ac.nz /D:/caslea/ms/Calving img002.gif
2001.07.23 15:17 B C:\Inetpub\wwwroot\ms\Calving\img001.gif --> its-www4.massey.ac.nz /D:/caslea/ms/Calving img001.gif
2001.07.23 15:17 B C:\Inetpub\wwwroot\ms\Calving\ielogo.gif --> its-www4.massey.ac.nz /D:/caslea/ms/Calving ielogo.gif
