2001.07.23 15:16 B C:\Inetpub\wwwroot\ms\Photosensitivity\index.htm --> its-www4.massey.ac.nz /D:/caslea/ms/Photosensitivity index.htm
2001.07.23 15:16 B C:\Inetpub\wwwroot\ms\Photosensitivity\tsld042.htm --> its-www4.massey.ac.nz /D:/caslea/ms/Photosensitivity tsld042.htm
2001.07.23 15:16 B C:\Inetpub\wwwroot\ms\Photosensitivity\tsld041.htm --> its-www4.massey.ac.nz /D:/caslea/ms/Photosensitivity tsld041.htm
2001.07.23 15:16 B C:\Inetpub\wwwroot\ms\Photosensitivity\tsld040.htm --> its-www4.massey.ac.nz /D:/caslea/ms/Photosensitivity tsld040.htm
2001.07.23 15:16 B C:\Inetpub\wwwroot\ms\Photosensitivity\tsld039.htm --> its-www4.massey.ac.nz /D:/caslea/ms/Photosensitivity tsld039.htm
2001.07.23 15:16 B C:\Inetpub\wwwroot\ms\Photosensitivity\tsld038.htm --> its-www4.massey.ac.nz /D:/caslea/ms/Photosensitivity tsld038.htm
2001.07.23 15:16 B C:\Inetpub\wwwroot\ms\Photosensitivity\tsld037.htm --> its-www4.massey.ac.nz /D:/caslea/ms/Photosensitivity tsld037.htm
2001.07.23 15:16 B C:\Inetpub\wwwroot\ms\Photosensitivity\tsld036.htm --> its-www4.massey.ac.nz /D:/caslea/ms/Photosensitivity tsld036.htm
2001.07.23 15:16 B C:\Inetpub\wwwroot\ms\Photosensitivity\tsld035.htm --> its-www4.massey.ac.nz /D:/caslea/ms/Photosensitivity tsld035.htm
2001.07.23 15:16 B C:\Inetpub\wwwroot\ms\Photosensitivity\tsld034.htm --> its-www4.massey.ac.nz /D:/caslea/ms/Photosensitivity tsld034.htm
2001.07.23 15:16 B C:\Inetpub\wwwroot\ms\Photosensitivity\tsld033.htm --> its-www4.massey.ac.nz /D:/caslea/ms/Photosensitivity tsld033.htm
2001.07.23 15:16 B C:\Inetpub\wwwroot\ms\Photosensitivity\tsld032.htm --> its-www4.massey.ac.nz /D:/caslea/ms/Photosensitivity tsld032.htm
2001.07.23 15:16 B C:\Inetpub\wwwroot\ms\Photosensitivity\tsld031.htm --> its-www4.massey.ac.nz /D:/caslea/ms/Photosensitivity tsld031.htm
2001.07.23 15:16 B C:\Inetpub\wwwroot\ms\Photosensitivity\tsld030.htm --> its-www4.massey.ac.nz /D:/caslea/ms/Photosensitivity tsld030.htm
2001.07.23 15:16 B C:\Inetpub\wwwroot\ms\Photosensitivity\tsld029.htm --> its-www4.massey.ac.nz /D:/caslea/ms/Photosensitivity tsld029.htm
2001.07.23 15:16 B C:\Inetpub\wwwroot\ms\Photosensitivity\sld042.htm --> its-www4.massey.ac.nz /D:/caslea/ms/Photosensitivity sld042.htm
2001.07.23 15:16 B C:\Inetpub\wwwroot\ms\Photosensitivity\sld041.htm --> its-www4.massey.ac.nz /D:/caslea/ms/Photosensitivity sld041.htm
2001.07.23 15:16 B C:\Inetpub\wwwroot\ms\Photosensitivity\sld040.htm --> its-www4.massey.ac.nz /D:/caslea/ms/Photosensitivity sld040.htm
2001.07.23 15:16 B C:\Inetpub\wwwroot\ms\Photosensitivity\sld039.htm --> its-www4.massey.ac.nz /D:/caslea/ms/Photosensitivity sld039.htm
2001.07.23 15:16 B C:\Inetpub\wwwroot\ms\Photosensitivity\sld038.htm --> its-www4.massey.ac.nz /D:/caslea/ms/Photosensitivity sld038.htm
2001.07.23 15:16 B C:\Inetpub\wwwroot\ms\Photosensitivity\sld037.htm --> its-www4.massey.ac.nz /D:/caslea/ms/Photosensitivity sld037.htm
2001.07.23 15:16 B C:\Inetpub\wwwroot\ms\Photosensitivity\sld036.htm --> its-www4.massey.ac.nz /D:/caslea/ms/Photosensitivity sld036.htm
2001.07.23 15:16 B C:\Inetpub\wwwroot\ms\Photosensitivity\sld035.htm --> its-www4.massey.ac.nz /D:/caslea/ms/Photosensitivity sld035.htm
2001.07.23 15:16 B C:\Inetpub\wwwroot\ms\Photosensitivity\sld034.htm --> its-www4.massey.ac.nz /D:/caslea/ms/Photosensitivity sld034.htm
2001.07.23 15:16 B C:\Inetpub\wwwroot\ms\Photosensitivity\sld033.htm --> its-www4.massey.ac.nz /D:/caslea/ms/Photosensitivity sld033.htm
2001.07.23 15:16 B C:\Inetpub\wwwroot\ms\Photosensitivity\sld032.htm --> its-www4.massey.ac.nz /D:/caslea/ms/Photosensitivity sld032.htm
2001.07.23 15:16 B C:\Inetpub\wwwroot\ms\Photosensitivity\sld031.htm --> its-www4.massey.ac.nz /D:/caslea/ms/Photosensitivity sld031.htm
2001.07.23 15:16 B C:\Inetpub\wwwroot\ms\Photosensitivity\sld030.htm --> its-www4.massey.ac.nz /D:/caslea/ms/Photosensitivity sld030.htm
2001.07.23 15:16 B C:\Inetpub\wwwroot\ms\Photosensitivity\sld029.htm --> its-www4.massey.ac.nz /D:/caslea/ms/Photosensitivity sld029.htm
2001.07.23 15:16 B C:\Inetpub\wwwroot\ms\Photosensitivity\tsld028.htm --> its-www4.massey.ac.nz /D:/caslea/ms/Photosensitivity tsld028.htm
2001.07.23 15:16 B C:\Inetpub\wwwroot\ms\Photosensitivity\tsld027.htm --> its-www4.massey.ac.nz /D:/caslea/ms/Photosensitivity tsld027.htm
2001.07.23 15:16 B C:\Inetpub\wwwroot\ms\Photosensitivity\tsld026.htm --> its-www4.massey.ac.nz /D:/caslea/ms/Photosensitivity tsld026.htm
2001.07.23 15:16 B C:\Inetpub\wwwroot\ms\Photosensitivity\tsld025.htm --> its-www4.massey.ac.nz /D:/caslea/ms/Photosensitivity tsld025.htm
2001.07.23 15:16 B C:\Inetpub\wwwroot\ms\Photosensitivity\tsld024.htm --> its-www4.massey.ac.nz /D:/caslea/ms/Photosensitivity tsld024.htm
2001.07.23 15:16 B C:\Inetpub\wwwroot\ms\Photosensitivity\tsld023.htm --> its-www4.massey.ac.nz /D:/caslea/ms/Photosensitivity tsld023.htm
2001.07.23 15:16 B C:\Inetpub\wwwroot\ms\Photosensitivity\tsld022.htm --> its-www4.massey.ac.nz /D:/caslea/ms/Photosensitivity tsld022.htm
2001.07.23 15:16 B C:\Inetpub\wwwroot\ms\Photosensitivity\tsld021.htm --> its-www4.massey.ac.nz /D:/caslea/ms/Photosensitivity tsld021.htm
2001.07.23 15:16 B C:\Inetpub\wwwroot\ms\Photosensitivity\tsld020.htm --> its-www4.massey.ac.nz /D:/caslea/ms/Photosensitivity tsld020.htm
2001.07.23 15:16 B C:\Inetpub\wwwroot\ms\Photosensitivity\tsld019.htm --> its-www4.massey.ac.nz /D:/caslea/ms/Photosensitivity tsld019.htm
2001.07.23 15:16 B C:\Inetpub\wwwroot\ms\Photosensitivity\tsld018.htm --> its-www4.massey.ac.nz /D:/caslea/ms/Photosensitivity tsld018.htm
2001.07.23 15:16 B C:\Inetpub\wwwroot\ms\Photosensitivity\tsld017.htm --> its-www4.massey.ac.nz /D:/caslea/ms/Photosensitivity tsld017.htm
2001.07.23 15:16 B C:\Inetpub\wwwroot\ms\Photosensitivity\tsld016.htm --> its-www4.massey.ac.nz /D:/caslea/ms/Photosensitivity tsld016.htm
2001.07.23 15:16 B C:\Inetpub\wwwroot\ms\Photosensitivity\tsld015.htm --> its-www4.massey.ac.nz /D:/caslea/ms/Photosensitivity tsld015.htm
2001.07.23 15:16 B C:\Inetpub\wwwroot\ms\Photosensitivity\tsld014.htm --> its-www4.massey.ac.nz /D:/caslea/ms/Photosensitivity tsld014.htm
2001.07.23 15:16 B C:\Inetpub\wwwroot\ms\Photosensitivity\tsld013.htm --> its-www4.massey.ac.nz /D:/caslea/ms/Photosensitivity tsld013.htm
2001.07.23 15:16 B C:\Inetpub\wwwroot\ms\Photosensitivity\tsld012.htm --> its-www4.massey.ac.nz /D:/caslea/ms/Photosensitivity tsld012.htm
2001.07.23 15:16 B C:\Inetpub\wwwroot\ms\Photosensitivity\tsld011.htm --> its-www4.massey.ac.nz /D:/caslea/ms/Photosensitivity tsld011.htm
2001.07.23 15:16 B C:\Inetpub\wwwroot\ms\Photosensitivity\tsld010.htm --> its-www4.massey.ac.nz /D:/caslea/ms/Photosensitivity tsld010.htm
2001.07.23 15:16 B C:\Inetpub\wwwroot\ms\Photosensitivity\tsld009.htm --> its-www4.massey.ac.nz /D:/caslea/ms/Photosensitivity tsld009.htm
2001.07.23 15:16 B C:\Inetpub\wwwroot\ms\Photosensitivity\tsld008.htm --> its-www4.massey.ac.nz /D:/caslea/ms/Photosensitivity tsld008.htm
2001.07.23 15:16 B C:\Inetpub\wwwroot\ms\Photosensitivity\tsld007.htm --> its-www4.massey.ac.nz /D:/caslea/ms/Photosensitivity tsld007.htm
2001.07.23 15:16 B C:\Inetpub\wwwroot\ms\Photosensitivity\tsld006.htm --> its-www4.massey.ac.nz /D:/caslea/ms/Photosensitivity tsld006.htm
2001.07.23 15:16 B C:\Inetpub\wwwroot\ms\Photosensitivity\tsld005.htm --> its-www4.massey.ac.nz /D:/caslea/ms/Photosensitivity tsld005.htm
2001.07.23 15:16 B C:\Inetpub\wwwroot\ms\Photosensitivity\tsld004.htm --> its-www4.massey.ac.nz /D:/caslea/ms/Photosensitivity tsld004.htm
2001.07.23 15:16 B C:\Inetpub\wwwroot\ms\Photosensitivity\tsld003.htm --> its-www4.massey.ac.nz /D:/caslea/ms/Photosensitivity tsld003.htm
2001.07.23 15:16 B C:\Inetpub\wwwroot\ms\Photosensitivity\tsld002.htm --> its-www4.massey.ac.nz /D:/caslea/ms/Photosensitivity tsld002.htm
2001.07.23 15:16 B C:\Inetpub\wwwroot\ms\Photosensitivity\tsld001.htm --> its-www4.massey.ac.nz /D:/caslea/ms/Photosensitivity tsld001.htm
2001.07.23 15:16 B C:\Inetpub\wwwroot\ms\Photosensitivity\sld028.htm --> its-www4.massey.ac.nz /D:/caslea/ms/Photosensitivity sld028.htm
2001.07.23 15:16 B C:\Inetpub\wwwroot\ms\Photosensitivity\sld027.htm --> its-www4.massey.ac.nz /D:/caslea/ms/Photosensitivity sld027.htm
2001.07.23 15:16 B C:\Inetpub\wwwroot\ms\Photosensitivity\sld026.htm --> its-www4.massey.ac.nz /D:/caslea/ms/Photosensitivity sld026.htm
2001.07.23 15:16 B C:\Inetpub\wwwroot\ms\Photosensitivity\sld025.htm --> its-www4.massey.ac.nz /D:/caslea/ms/Photosensitivity sld025.htm
2001.07.23 15:16 B C:\Inetpub\wwwroot\ms\Photosensitivity\sld024.htm --> its-www4.massey.ac.nz /D:/caslea/ms/Photosensitivity sld024.htm
2001.07.23 15:16 B C:\Inetpub\wwwroot\ms\Photosensitivity\sld023.htm --> its-www4.massey.ac.nz /D:/caslea/ms/Photosensitivity sld023.htm
2001.07.23 15:16 B C:\Inetpub\wwwroot\ms\Photosensitivity\sld022.htm --> its-www4.massey.ac.nz /D:/caslea/ms/Photosensitivity sld022.htm
2001.07.23 15:16 B C:\Inetpub\wwwroot\ms\Photosensitivity\sld021.htm --> its-www4.massey.ac.nz /D:/caslea/ms/Photosensitivity sld021.htm
2001.07.23 15:16 B C:\Inetpub\wwwroot\ms\Photosensitivity\sld020.htm --> its-www4.massey.ac.nz /D:/caslea/ms/Photosensitivity sld020.htm
2001.07.23 15:16 B C:\Inetpub\wwwroot\ms\Photosensitivity\sld019.htm --> its-www4.massey.ac.nz /D:/caslea/ms/Photosensitivity sld019.htm
2001.07.23 15:16 B C:\Inetpub\wwwroot\ms\Photosensitivity\sld018.htm --> its-www4.massey.ac.nz /D:/caslea/ms/Photosensitivity sld018.htm
2001.07.23 15:16 B C:\Inetpub\wwwroot\ms\Photosensitivity\sld017.htm --> its-www4.massey.ac.nz /D:/caslea/ms/Photosensitivity sld017.htm
2001.07.23 15:16 B C:\Inetpub\wwwroot\ms\Photosensitivity\sld016.htm --> its-www4.massey.ac.nz /D:/caslea/ms/Photosensitivity sld016.htm
2001.07.23 15:16 B C:\Inetpub\wwwroot\ms\Photosensitivity\sld015.htm --> its-www4.massey.ac.nz /D:/caslea/ms/Photosensitivity sld015.htm
2001.07.23 15:16 B C:\Inetpub\wwwroot\ms\Photosensitivity\sld014.htm --> its-www4.massey.ac.nz /D:/caslea/ms/Photosensitivity sld014.htm
2001.07.23 15:16 B C:\Inetpub\wwwroot\ms\Photosensitivity\sld013.htm --> its-www4.massey.ac.nz /D:/caslea/ms/Photosensitivity sld013.htm
2001.07.23 15:16 B C:\Inetpub\wwwroot\ms\Photosensitivity\sld012.htm --> its-www4.massey.ac.nz /D:/caslea/ms/Photosensitivity sld012.htm
2001.07.23 15:16 B C:\Inetpub\wwwroot\ms\Photosensitivity\sld011.htm --> its-www4.massey.ac.nz /D:/caslea/ms/Photosensitivity sld011.htm
2001.07.23 15:16 B C:\Inetpub\wwwroot\ms\Photosensitivity\sld010.htm --> its-www4.massey.ac.nz /D:/caslea/ms/Photosensitivity sld010.htm
2001.07.23 15:16 B C:\Inetpub\wwwroot\ms\Photosensitivity\sld009.htm --> its-www4.massey.ac.nz /D:/caslea/ms/Photosensitivity sld009.htm
2001.07.23 15:16 B C:\Inetpub\wwwroot\ms\Photosensitivity\sld008.htm --> its-www4.massey.ac.nz /D:/caslea/ms/Photosensitivity sld008.htm
2001.07.23 15:16 B C:\Inetpub\wwwroot\ms\Photosensitivity\sld007.htm --> its-www4.massey.ac.nz /D:/caslea/ms/Photosensitivity sld007.htm
2001.07.23 15:16 B C:\Inetpub\wwwroot\ms\Photosensitivity\sld006.htm --> its-www4.massey.ac.nz /D:/caslea/ms/Photosensitivity sld006.htm
2001.07.23 15:16 B C:\Inetpub\wwwroot\ms\Photosensitivity\sld005.htm --> its-www4.massey.ac.nz /D:/caslea/ms/Photosensitivity sld005.htm
2001.07.23 15:16 B C:\Inetpub\wwwroot\ms\Photosensitivity\sld004.htm --> its-www4.massey.ac.nz /D:/caslea/ms/Photosensitivity sld004.htm
2001.07.23 15:16 B C:\Inetpub\wwwroot\ms\Photosensitivity\sld003.htm --> its-www4.massey.ac.nz /D:/caslea/ms/Photosensitivity sld003.htm
2001.07.23 15:16 B C:\Inetpub\wwwroot\ms\Photosensitivity\sld002.htm --> its-www4.massey.ac.nz /D:/caslea/ms/Photosensitivity sld002.htm
2001.07.23 15:16 B C:\Inetpub\wwwroot\ms\Photosensitivity\sld001.htm --> its-www4.massey.ac.nz /D:/caslea/ms/Photosensitivity sld001.htm
2001.07.23 15:16 B C:\Inetpub\wwwroot\ms\Photosensitivity\space.gif --> its-www4.massey.ac.nz /D:/caslea/ms/Photosensitivity space.gif
2001.07.23 15:16 B C:\Inetpub\wwwroot\ms\Photosensitivity\pptani.gif --> its-www4.massey.ac.nz /D:/caslea/ms/Photosensitivity pptani.gif
2001.07.23 15:16 B C:\Inetpub\wwwroot\ms\Photosensitivity\img042.gif --> its-www4.massey.ac.nz /D:/caslea/ms/Photosensitivity img042.gif
2001.07.23 15:16 B C:\Inetpub\wwwroot\ms\Photosensitivity\img041.gif --> its-www4.massey.ac.nz /D:/caslea/ms/Photosensitivity img041.gif
2001.07.23 15:16 B C:\Inetpub\wwwroot\ms\Photosensitivity\img040.gif --> its-www4.massey.ac.nz /D:/caslea/ms/Photosensitivity img040.gif
2001.07.23 15:16 B C:\Inetpub\wwwroot\ms\Photosensitivity\img039.gif --> its-www4.massey.ac.nz /D:/caslea/ms/Photosensitivity img039.gif
2001.07.23 15:16 B C:\Inetpub\wwwroot\ms\Photosensitivity\img038.gif --> its-www4.massey.ac.nz /D:/caslea/ms/Photosensitivity img038.gif
2001.07.23 15:16 B C:\Inetpub\wwwroot\ms\Photosensitivity\img037.gif --> its-www4.massey.ac.nz /D:/caslea/ms/Photosensitivity img037.gif
2001.07.23 15:16 B C:\Inetpub\wwwroot\ms\Photosensitivity\img036.gif --> its-www4.massey.ac.nz /D:/caslea/ms/Photosensitivity img036.gif
2001.07.23 15:16 B C:\Inetpub\wwwroot\ms\Photosensitivity\img035.gif --> its-www4.massey.ac.nz /D:/caslea/ms/Photosensitivity img035.gif
2001.07.23 15:16 B C:\Inetpub\wwwroot\ms\Photosensitivity\img034.gif --> its-www4.massey.ac.nz /D:/caslea/ms/Photosensitivity img034.gif
2001.07.23 15:16 B C:\Inetpub\wwwroot\ms\Photosensitivity\img033.gif --> its-www4.massey.ac.nz /D:/caslea/ms/Photosensitivity img033.gif
2001.07.23 15:16 B C:\Inetpub\wwwroot\ms\Photosensitivity\img032.gif --> its-www4.massey.ac.nz /D:/caslea/ms/Photosensitivity img032.gif
2001.07.23 15:16 B C:\Inetpub\wwwroot\ms\Photosensitivity\img031.gif --> its-www4.massey.ac.nz /D:/caslea/ms/Photosensitivity img031.gif
2001.07.23 15:16 B C:\Inetpub\wwwroot\ms\Photosensitivity\img030.gif --> its-www4.massey.ac.nz /D:/caslea/ms/Photosensitivity img030.gif
2001.07.23 15:16 B C:\Inetpub\wwwroot\ms\Photosensitivity\img029.gif --> its-www4.massey.ac.nz /D:/caslea/ms/Photosensitivity img029.gif
2001.07.23 15:16 B C:\Inetpub\wwwroot\ms\Photosensitivity\ielogo.gif --> its-www4.massey.ac.nz /D:/caslea/ms/Photosensitivity ielogo.gif
2001.07.23 15:16 B C:\Inetpub\wwwroot\ms\Photosensitivity\img028.gif --> its-www4.massey.ac.nz /D:/caslea/ms/Photosensitivity img028.gif
2001.07.23 15:16 B C:\Inetpub\wwwroot\ms\Photosensitivity\img027.gif --> its-www4.massey.ac.nz /D:/caslea/ms/Photosensitivity img027.gif
2001.07.23 15:16 B C:\Inetpub\wwwroot\ms\Photosensitivity\img026.gif --> its-www4.massey.ac.nz /D:/caslea/ms/Photosensitivity img026.gif
2001.07.23 15:16 B C:\Inetpub\wwwroot\ms\Photosensitivity\img025.gif --> its-www4.massey.ac.nz /D:/caslea/ms/Photosensitivity img025.gif
2001.07.23 15:16 B C:\Inetpub\wwwroot\ms\Photosensitivity\img024.gif --> its-www4.massey.ac.nz /D:/caslea/ms/Photosensitivity img024.gif
2001.07.23 15:16 B C:\Inetpub\wwwroot\ms\Photosensitivity\img023.gif --> its-www4.massey.ac.nz /D:/caslea/ms/Photosensitivity img023.gif
2001.07.23 15:16 B C:\Inetpub\wwwroot\ms\Photosensitivity\img022.gif --> its-www4.massey.ac.nz /D:/caslea/ms/Photosensitivity img022.gif
2001.07.23 15:16 B C:\Inetpub\wwwroot\ms\Photosensitivity\img021.gif --> its-www4.massey.ac.nz /D:/caslea/ms/Photosensitivity img021.gif
2001.07.23 15:16 B C:\Inetpub\wwwroot\ms\Photosensitivity\img020.gif --> its-www4.massey.ac.nz /D:/caslea/ms/Photosensitivity img020.gif
2001.07.23 15:16 B C:\Inetpub\wwwroot\ms\Photosensitivity\img019.gif --> its-www4.massey.ac.nz /D:/caslea/ms/Photosensitivity img019.gif
2001.07.23 15:16 B C:\Inetpub\wwwroot\ms\Photosensitivity\img018.gif --> its-www4.massey.ac.nz /D:/caslea/ms/Photosensitivity img018.gif
2001.07.23 15:16 B C:\Inetpub\wwwroot\ms\Photosensitivity\img017.gif --> its-www4.massey.ac.nz /D:/caslea/ms/Photosensitivity img017.gif
2001.07.23 15:16 B C:\Inetpub\wwwroot\ms\Photosensitivity\img016.gif --> its-www4.massey.ac.nz /D:/caslea/ms/Photosensitivity img016.gif
2001.07.23 15:16 B C:\Inetpub\wwwroot\ms\Photosensitivity\img015.gif --> its-www4.massey.ac.nz /D:/caslea/ms/Photosensitivity img015.gif
2001.07.23 15:16 B C:\Inetpub\wwwroot\ms\Photosensitivity\img014.gif --> its-www4.massey.ac.nz /D:/caslea/ms/Photosensitivity img014.gif
2001.07.23 15:16 B C:\Inetpub\wwwroot\ms\Photosensitivity\img013.gif --> its-www4.massey.ac.nz /D:/caslea/ms/Photosensitivity img013.gif
2001.07.23 15:16 B C:\Inetpub\wwwroot\ms\Photosensitivity\img012.gif --> its-www4.massey.ac.nz /D:/caslea/ms/Photosensitivity img012.gif
2001.07.23 15:16 B C:\Inetpub\wwwroot\ms\Photosensitivity\img011.gif --> its-www4.massey.ac.nz /D:/caslea/ms/Photosensitivity img011.gif
2001.07.23 15:16 B C:\Inetpub\wwwroot\ms\Photosensitivity\img010.gif --> its-www4.massey.ac.nz /D:/caslea/ms/Photosensitivity img010.gif
2001.07.23 15:16 B C:\Inetpub\wwwroot\ms\Photosensitivity\img009.gif --> its-www4.massey.ac.nz /D:/caslea/ms/Photosensitivity img009.gif
2001.07.23 15:16 B C:\Inetpub\wwwroot\ms\Photosensitivity\img008.gif --> its-www4.massey.ac.nz /D:/caslea/ms/Photosensitivity img008.gif
2001.07.23 15:16 B C:\Inetpub\wwwroot\ms\Photosensitivity\img007.gif --> its-www4.massey.ac.nz /D:/caslea/ms/Photosensitivity img007.gif
2001.07.23 15:16 B C:\Inetpub\wwwroot\ms\Photosensitivity\img006.gif --> its-www4.massey.ac.nz /D:/caslea/ms/Photosensitivity img006.gif
2001.07.23 15:16 B C:\Inetpub\wwwroot\ms\Photosensitivity\img005.gif --> its-www4.massey.ac.nz /D:/caslea/ms/Photosensitivity img005.gif
2001.07.23 15:16 B C:\Inetpub\wwwroot\ms\Photosensitivity\img004.gif --> its-www4.massey.ac.nz /D:/caslea/ms/Photosensitivity img004.gif
2001.07.23 15:16 B C:\Inetpub\wwwroot\ms\Photosensitivity\img003.gif --> its-www4.massey.ac.nz /D:/caslea/ms/Photosensitivity img003.gif
2001.07.23 15:16 B C:\Inetpub\wwwroot\ms\Photosensitivity\img002.gif --> its-www4.massey.ac.nz /D:/caslea/ms/Photosensitivity img002.gif
2001.07.23 15:16 B C:\Inetpub\wwwroot\ms\Photosensitivity\img001.gif --> its-www4.massey.ac.nz /D:/caslea/ms/Photosensitivity img001.gif
